DEBUG:asyncio:Using proactor: IocpProactor
WARNING:discord.client:PyNaCl is not installed, voice will NOT be supported
INFO:root:Parse sur le fichier de configuration JSON
DEBUG:discord.client:on_ready has successfully been registered as an event
DEBUG:discord.client:on_message has successfully been registered as an event
INFO:discord.client:logging in using static token
DEBUG:discord.http:GET https://discord.com/api/v7/users/@me with None has returned 200
DEBUG:discord.http:GET https://discord.com/api/v7/users/@me has received {'id': '988915244409688074', 'username': 'BoBOT', 'avatar': 'f6047ed12749496a7ddf04e3ef6cc5e2', 'avatar_decoration': None, 'discriminator': '7447', 'public_flags': 0, 'flags': 0, 'bot': True, 'banner': None, 'banner_color': None, 'accent_color': None, 'bio': '', 'pronouns': '', 'locale': 'en-US', 'mfa_enabled': False, 'email': None, 'verified': True}
DEBUG:discord.http:GET https://discord.com/api/v7/gateway with None has returned 200
DEBUG:discord.http:GET https://discord.com/api/v7/gateway has received {'url': 'wss://gateway.discord.gg'}
DEBUG:discord.gateway:Created websocket connected to wss://gateway.discord.gg?encoding=json&v=6&compress=zlib-stream
DEBUG:discord.client:Dispatching event socket_raw_receive
DEBUG:discord.gateway:For Shard ID None: WebSocket Event: {'t': None, 's': None, 'op': 10, 'd': {'heartbeat_interval': 41250, '_trace': ['["gateway-prd-main-h74v",{"micros":0.0}]']}}
DEBUG:discord.client:Dispatching event socket_response
DEBUG:discord.client:Dispatching event socket_raw_send
DEBUG:discord.client:Dispatching event socket_raw_send
INFO:discord.gateway:Shard ID None has sent the IDENTIFY payload.
DEBUG:discord.client:Dispatching event socket_raw_receive
DEBUG:discord.gateway:For Shard ID None: WebSocket Event: {'t': None, 's': None, 'op': 11, 'd': None}
DEBUG:discord.client:Dispatching event socket_response
DEBUG:discord.client:Dispatching event socket_raw_receive
DEBUG:discord.gateway:For Shard ID None: WebSocket Event: {'t': 'READY', 's': 1, 'op': 0, 'd': {'v': 6, 'user_settings': {}, 'user': {'verified': True, 'username': 'BoBOT', 'mfa_enabled': False, 'id': '988915244409688074', 'flags': 0, 'email': None, 'discriminator': '7447', 'bot': True, 'avatar': 'f6047ed12749496a7ddf04e3ef6cc5e2'}, 'session_type': 'normal', 'session_id': 'baf2a54c0657b1e7a9fac81c76107961', 'relationships': [], 'private_channels': [], 'presences': [], 'guilds': [{'unavailable': True, 'id': '986278767473336370'}], 'guild_join_requests': [], 'geo_ordered_rtc_regions': ['rotterdam', 'milan', 'madrid', 'stockholm', 'bucharest'], 'application': {'id': '988915244409688074', 'flags': 827392}, '_trace': ['["gateway-prd-main-h74v",{"micros":147422,"calls":["discord-sessions-green-prd-2-126",{"micros":144740,"calls":["start_session",{"micros":60641,"calls":["discord-api-57d6994d44-jh8b8",{"micros":55262,"calls":["get_user",{"micros":14797},"add_authorized_ip",{"micros":2666},"get_guilds",{"micros":6610},"coros_wait",{"micros":2}]}]},"guilds_connect",{"micros":2,"calls":[]},"presence_connect",{"micros":56733,"calls":[]}]}]}]']}}
DEBUG:discord.client:Dispatching event socket_response
INFO:discord.gateway:Shard ID None has connected to Gateway: ["gateway-prd-main-h74v",{"micros":147422,"calls":["discord-sessions-green-prd-2-126",{"micros":144740,"calls":["start_session",{"micros":60641,"calls":["discord-api-57d6994d44-jh8b8",{"micros":55262,"calls":["get_user",{"micros":14797},"add_authorized_ip",{"micros":2666},"get_guilds",{"micros":6610},"coros_wait",{"micros":2}]}]},"guilds_connect",{"micros":2,"calls":[]},"presence_connect",{"micros":56733,"calls":[]}]}]}] (Session ID: baf2a54c0657b1e7a9fac81c76107961).
DEBUG:discord.client:Dispatching event connect
DEBUG:discord.client:Dispatching event socket_raw_receive
DEBUG:discord.gateway:For Shard ID None: WebSocket Event: {'t': 'GUILD_CREATE', 's': 2, 'op': 0, 'd': {'lazy': True, 'name': 'TP 4 - Bot Discord', 'premium_subscription_count': 0, 'system_channel_id': '986278767473336373', 'guild_hashes': {'version': 1, 'roles': {'omitted': False, 'hash': 'nBEfyXFJWTo'}, 'metadata': {'omitted': False, 'hash': 'uY1MgSfZ9PI'}, 'channels': {'omitted': False, 'hash': 'xMB6Zi7J3MI'}}, 'features': [], 'vanity_url_code': None, 'large': False, 'explicit_content_filter': 0, 'splash': None, 'nsfw': False, 'max_members': 500000, 'channels': [{'type': 4, 'position': 0, 'permission_overwrites': [], 'name': 'Text Channels', 'id': '986278767473336371', 'flags': 0}, {'type': 4, 'position': 0, 'permission_overwrites': [], 'name': 'Voice Channels', 'id': '986278767473336372', 'flags': 0}, {'type': 0, 'topic': None, 'rate_limit_per_user': 0, 'position': 0, 'permission_overwrites': [], 'parent_id': '986278767473336371', 'name': 'general', 'last_message_id': '989610476398850158', 'id': '986278767473336373', 'flags': 0}, {'user_limit': 0, 'type': 2, 'rtc_region': None, 'rate_limit_per_user': 0, 'position': 0, 'permission_overwrites': [], 'parent_id': '986278767473336372', 'name': 'General', 'last_message_id': None, 'id': '986278767473336374', 'flags': 0, 'bitrate': 64000}], 'verification_level': 0, 'joined_at': '2022-06-21T21:31:29.660000+00:00', 'region': 'deprecated', 'stage_instances': [], 'voice_states': [], 'premium_progress_bar_enabled': False, 'max_video_channel_users': 25, 'rules_channel_id': None, 'threads': [], 'mfa_level': 0, 'hub_type': None, 'public_updates_channel_id': None, 'banner': None, 'afk_channel_id': None, 'application_id': None, 'preferred_locale': 'en-US', 'id': '986278767473336370', 'icon': 'b5ee8db378269e5da8747174ac4878ef', 'description': None, 'member_count': 2, 'emojis': [], 'members': [{'user': {'username': 'BoBOT', 'public_flags': 0, 'id': '988915244409688074', 'discriminator': '7447', 'bot': True, 'avatar': 'f6047ed12749496a7ddf04e3ef6cc5e2'}, 'roles': ['988919111901929566'], 'premium_since': None, 'pending': False, 'nick': None, 'mute': False, 'joined_at': '2022-06-21T21:31:29.660000+00:00', 'flags': 0, 'deaf': False, 'communication_disabled_until': None, 'avatar': None}], 'default_message_notifications': 0, 'system_channel_flags': 0, 'application_command_counts': {}, 'unavailable': False, 'stickers': [], 'guild_scheduled_events': [], 'premium_tier': 0, 'owner_id': '426456090574848002', 'nsfw_level': 0, 'presences': [], 'roles': [{'unicode_emoji': None, 'tags': {}, 'position': 0, 'permissions_new': '1071698660929', 'permissions': 104320577, 'name': '@everyone', 'mentionable': False, 'managed': False, 'id': '986278767473336370', 'icon': None, 'hoist': False, 'flags': 0, 'color': 0}, {'unicode_emoji': None, 'tags': {'bot_id': '988915244409688074'}, 'position': 1, 'permissions_new': '8', 'permissions': 8, 'name': 'BoBOT', 'mentionable': False, 'managed': True, 'id': '988919111901929566', 'icon': None, 'hoist': False, 'flags': 0, 'color': 0}], 'discovery_splash': None, 'embedded_activities': [], 'afk_timeout': 300}}
DEBUG:discord.client:Dispatching event socket_response
DEBUG:discord.client:Dispatching event guild_available
DEBUG:discord.client:Dispatching event ready
DEBUG:discord.client:Dispatching event socket_raw_receive
DEBUG:discord.gateway:For Shard ID None: WebSocket Event: {'t': 'MESSAGE_CREATE', 's': 3, 'op': 0, 'd': {'type': 0, 'tts': False, 'timestamp': '2022-06-23T19:50:01.533000+00:00', 'referenced_message': None, 'pinned': False, 'mentions': [], 'mention_roles': [], 'mention_everyone': False, 'member': {'roles': ['988919111901929566'], 'premium_since': None, 'pending': False, 'nick': None, 'mute': False, 'joined_at': '2022-06-21T21:31:29.660000+00:00', 'flags': 0, 'deaf': False, 'communication_disabled_until': None, 'avatar': None}, 'id': '989618352823607406', 'flags': 0, 'embeds': [], 'edited_timestamp': None, 'content': 'BoBOT is connected ! Tape **!help** for more informations', 'components': [], 'channel_id': '986278767473336373', 'author': {'username': 'BoBOT', 'public_flags': 0, 'id': '988915244409688074', 'discriminator': '7447', 'bot': True, 'avatar_decoration': None, 'avatar': 'f6047ed12749496a7ddf04e3ef6cc5e2'}, 'attachments': [], 'guild_id': '986278767473336370'}}
DEBUG:discord.client:Dispatching event socket_response
DEBUG:discord.client:Dispatching event message
DEBUG:discord.http:POST https://discord.com/api/v7/channels/986278767473336373/messages with {"content":"BoBOT is connected ! Tape **!help** for more informations"} has returned 200
DEBUG:discord.http:POST https://discord.com/api/v7/channels/986278767473336373/messages has received {'id': '989618352823607406', 'type': 0, 'content': 'BoBOT is connected ! Tape **!help** for more informations', 'channel_id': '986278767473336373', 'author': {'id': '988915244409688074', 'username': 'BoBOT', 'avatar': 'f6047ed12749496a7ddf04e3ef6cc5e2', 'avatar_decoration': None, 'discriminator': '7447', 'public_flags': 0, 'bot': True}, 'attachments': [], 'embeds': [], 'mentions': [], 'mention_roles': [], 'pinned': False, 'mention_everyone': False, 'tts': False, 'timestamp': '2022-06-23T19:50:01.533000+00:00', 'edited_timestamp': None, 'flags': 0, 'components': [], 'referenced_message': None}
INFO:root:BOT is connected
DEBUG:discord.client:Dispatching event socket_raw_receive
DEBUG:discord.gateway:For Shard ID None: WebSocket Event: {'t': 'TYPING_START', 's': 4, 'op': 0, 'd': {'user_id': '426456090574848002', 'timestamp': 1656013812, 'member': {'user': {'username': 'Flamma', 'public_flags': 0, 'id': '426456090574848002', 'discriminator': '3939', 'bot': False, 'avatar': '3107722d30ea03e15e734d0e10e48bf1'}, 'roles': [], 'premium_since': None, 'pending': False, 'nick': None, 'mute': False, 'joined_at': '2022-06-14T14:39:42.352000+00:00', 'flags': 0, 'deaf': False, 'communication_disabled_until': None, 'avatar': None}, 'channel_id': '986278767473336373', 'guild_id': '986278767473336370'}}
DEBUG:discord.client:Dispatching event socket_response
DEBUG:discord.client:Dispatching event typing
DEBUG:discord.client:Dispatching event socket_raw_receive
DEBUG:discord.gateway:For Shard ID None: WebSocket Event: {'t': 'MESSAGE_CREATE', 's': 5, 'op': 0, 'd': {'type': 0, 'tts': False, 'timestamp': '2022-06-23T19:50:12.744000+00:00', 'referenced_message': None, 'pinned': False, 'nonce': '989618393952813056', 'mentions': [], 'mention_roles': [], 'mention_everyone': False, 'member': {'roles': [], 'premium_since': None, 'pending': False, 'nick': None, 'mute': False, 'joined_at': '2022-06-14T14:39:42.352000+00:00', 'flags': 0, 'deaf': False, 'communication_disabled_until': None, 'avatar': None}, 'id': '989618399845961779', 'flags': 0, 'embeds': [], 'edited_timestamp': None, 'content': '!help', 'components': [], 'channel_id': '986278767473336373', 'author': {'username': 'Flamma', 'public_flags': 0, 'id': '426456090574848002', 'discriminator': '3939', 'avatar_decoration': None, 'avatar': '3107722d30ea03e15e734d0e10e48bf1'}, 'attachments': [], 'guild_id': '986278767473336370'}}
DEBUG:discord.client:Dispatching event socket_response
DEBUG:discord.client:Dispatching event message
INFO:root:Traitement de la commande !help
DEBUG:discord.client:Dispatching event socket_raw_receive
DEBUG:discord.gateway:For Shard ID None: WebSocket Event: {'t': 'MESSAGE_CREATE', 's': 6, 'op': 0, 'd': {'type': 0, 'tts': False, 'timestamp': '2022-06-23T19:50:13.058000+00:00', 'referenced_message': None, 'pinned': False, 'mentions': [], 'mention_roles': [], 'mention_everyone': False, 'member': {'roles': ['988919111901929566'], 'premium_since': None, 'pending': False, 'nick': None, 'mute': False, 'joined_at': '2022-06-21T21:31:29.660000+00:00', 'flags': 0, 'deaf': False, 'communication_disabled_until': None, 'avatar': None}, 'id': '989618401162960986', 'flags': 0, 'embeds': [], 'edited_timestamp': None, 'content': 'Bonjour je suis BoBOT, \n Voici mes fonctionnalitées : \n **!iplocation <ip> <hostname>** , pour localiser un adresse IP sur OpenStreetMap \n **!syracuse <int>** , pour calculer une suite de syracuse sur un entier \n **!multegypt <int> <int>** , pour calculer la multiplication egyptienne deux entiers', 'components': [], 'channel_id': '986278767473336373', 'author': {'username': 'BoBOT', 'public_flags': 0, 'id': '988915244409688074', 'discriminator': '7447', 'bot': True, 'avatar_decoration': None, 'avatar': 'f6047ed12749496a7ddf04e3ef6cc5e2'}, 'attachments': [], 'guild_id': '986278767473336370'}}
DEBUG:discord.client:Dispatching event socket_response
DEBUG:discord.client:Dispatching event message
DEBUG:discord.http:POST https://discord.com/api/v7/channels/986278767473336373/messages with {"content":"Bonjour je suis BoBOT, \n Voici mes fonctionnalit\u00e9es : \n **!iplocation <ip> <hostname>** , pour localiser un adresse IP sur OpenStreetMap \n **!syracuse <int>** , pour calculer une suite de syracuse sur un entier \n **!multegypt <int> <int>** , pour calculer la multiplication egyptienne deux entiers"} has returned 200
DEBUG:discord.http:POST https://discord.com/api/v7/channels/986278767473336373/messages has received {'id': '989618401162960986', 'type': 0, 'content': 'Bonjour je suis BoBOT, \n Voici mes fonctionnalitées : \n **!iplocation <ip> <hostname>** , pour localiser un adresse IP sur OpenStreetMap \n **!syracuse <int>** , pour calculer une suite de syracuse sur un entier \n **!multegypt <int> <int>** , pour calculer la multiplication egyptienne deux entiers', 'channel_id': '986278767473336373', 'author': {'id': '988915244409688074', 'username': 'BoBOT', 'avatar': 'f6047ed12749496a7ddf04e3ef6cc5e2', 'avatar_decoration': None, 'discriminator': '7447', 'public_flags': 0, 'bot': True}, 'attachments': [], 'embeds': [], 'mentions': [], 'mention_roles': [], 'pinned': False, 'mention_everyone': False, 'tts': False, 'timestamp': '2022-06-23T19:50:13.058000+00:00', 'edited_timestamp': None, 'flags': 0, 'components': [], 'referenced_message': None}
DEBUG:discord.client:Dispatching event socket_raw_receive
DEBUG:discord.gateway:For Shard ID None: WebSocket Event: {'t': 'TYPING_START', 's': 7, 'op': 0, 'd': {'user_id': '426456090574848002', 'timestamp': 1656013831, 'member': {'user': {'username': 'Flamma', 'public_flags': 0, 'id': '426456090574848002', 'discriminator': '3939', 'bot': False, 'avatar': '3107722d30ea03e15e734d0e10e48bf1'}, 'roles': [], 'premium_since': None, 'pending': False, 'nick': None, 'mute': False, 'joined_at': '2022-06-14T14:39:42.352000+00:00', 'flags': 0, 'deaf': False, 'communication_disabled_until': None, 'avatar': None}, 'channel_id': '986278767473336373', 'guild_id': '986278767473336370'}}
DEBUG:discord.client:Dispatching event socket_response
DEBUG:discord.client:Dispatching event typing
DEBUG:discord.client:Dispatching event socket_raw_receive
DEBUG:discord.gateway:For Shard ID None: WebSocket Event: {'t': 'TYPING_START', 's': 8, 'op': 0, 'd': {'user_id': '426456090574848002', 'timestamp': 1656013839, 'member': {'user': {'username': 'Flamma', 'public_flags': 0, 'id': '426456090574848002', 'discriminator': '3939', 'bot': False, 'avatar': '3107722d30ea03e15e734d0e10e48bf1'}, 'roles': [], 'premium_since': None, 'pending': False, 'nick': None, 'mute': False, 'joined_at': '2022-06-14T14:39:42.352000+00:00', 'flags': 0, 'deaf': False, 'communication_disabled_until': None, 'avatar': None}, 'channel_id': '986278767473336373', 'guild_id': '986278767473336370'}}
DEBUG:discord.client:Dispatching event socket_response
DEBUG:discord.client:Dispatching event typing
DEBUG:discord.gateway:Keeping shard ID None websocket alive with sequence 8.
DEBUG:discord.client:Dispatching event socket_raw_receive
DEBUG:discord.gateway:For Shard ID None: WebSocket Event: {'t': None, 's': None, 'op': 11, 'd': None}
DEBUG:discord.client:Dispatching event socket_response
DEBUG:discord.client:Dispatching event socket_raw_receive
DEBUG:discord.gateway:For Shard ID None: WebSocket Event: {'t': 'MESSAGE_CREATE', 's': 9, 'op': 0, 'd': {'type': 0, 'tts': False, 'timestamp': '2022-06-23T19:50:40.919000+00:00', 'referenced_message': None, 'pinned': False, 'nonce': '989618512437706752', 'mentions': [], 'mention_roles': [], 'mention_everyone': False, 'member': {'roles': [], 'premium_since': None, 'pending': False, 'nick': None, 'mute': False, 'joined_at': '2022-06-14T14:39:42.352000+00:00', 'flags': 0, 'deaf': False, 'communication_disabled_until': None, 'avatar': None}, 'id': '989618518020476960', 'flags': 0, 'embeds': [], 'edited_timestamp': None, 'content': '!iplocation a e a', 'components': [], 'channel_id': '986278767473336373', 'author': {'username': 'Flamma', 'public_flags': 0, 'id': '426456090574848002', 'discriminator': '3939', 'avatar_decoration': None, 'avatar': '3107722d30ea03e15e734d0e10e48bf1'}, 'attachments': [], 'guild_id': '986278767473336370'}}
DEBUG:discord.client:Dispatching event socket_response
DEBUG:discord.client:Dispatching event message
INFO:root:Traitement de la commande !iplocation
ERROR:root:Nombre de parametre passé superieur a 3
DEBUG:discord.client:Dispatching event socket_raw_receive
DEBUG:discord.gateway:For Shard ID None: WebSocket Event: {'t': 'MESSAGE_CREATE', 's': 10, 'op': 0, 'd': {'type': 0, 'tts': False, 'timestamp': '2022-06-23T19:50:41.313000+00:00', 'referenced_message': None, 'pinned': False, 'mentions': [], 'mention_roles': [], 'mention_everyone': False, 'member': {'roles': ['988919111901929566'], 'premium_since': None, 'pending': False, 'nick': None, 'mute': False, 'joined_at': '2022-06-21T21:31:29.660000+00:00', 'flags': 0, 'deaf': False, 'communication_disabled_until': None, 'avatar': None}, 'id': '989618519673036861', 'flags': 0, 'embeds': [], 'edited_timestamp': None, 'content': 'Vous avez saisi trop de parametre, il faut une ip et un hostname', 'components': [], 'channel_id': '986278767473336373', 'author': {'username': 'BoBOT', 'public_flags': 0, 'id': '988915244409688074', 'discriminator': '7447', 'bot': True, 'avatar_decoration': None, 'avatar': 'f6047ed12749496a7ddf04e3ef6cc5e2'}, 'attachments': [], 'guild_id': '986278767473336370'}}
DEBUG:discord.client:Dispatching event socket_response
DEBUG:discord.client:Dispatching event message
DEBUG:discord.http:POST https://discord.com/api/v7/channels/986278767473336373/messages with {"content":"Vous avez saisi trop de parametre, il faut une ip et un hostname"} has returned 200
DEBUG:discord.http:POST https://discord.com/api/v7/channels/986278767473336373/messages has received {'id': '989618519673036861', 'type': 0, 'content': 'Vous avez saisi trop de parametre, il faut une ip et un hostname', 'channel_id': '986278767473336373', 'author': {'id': '988915244409688074', 'username': 'BoBOT', 'avatar': 'f6047ed12749496a7ddf04e3ef6cc5e2', 'avatar_decoration': None, 'discriminator': '7447', 'public_flags': 0, 'bot': True}, 'attachments': [], 'embeds': [], 'mentions': [], 'mention_roles': [], 'pinned': False, 'mention_everyone': False, 'tts': False, 'timestamp': '2022-06-23T19:50:41.313000+00:00', 'edited_timestamp': None, 'flags': 0, 'components': [], 'referenced_message': None}
INFO:root:Traitement de la requete shodan
INFO:root:connexion a api shodan via apikey
DEBUG:urllib3.connectionpool:Starting new HTTPS connection (1): api.shodan.io:443
DEBUG:urllib3.connectionpool:https://api.shodan.io:443 "GET /shodan/host/a?key=ttIZacJo0FkHUDDzuLimF8ku48YAXHzP HTTP/1.1" 404 None
ERROR:root:Erreur sur la recherche via ip sur shodan
DEBUG:discord.http:POST https://discord.com/api/v7/channels/986278767473336373/messages with {} has returned 400
DEBUG:discord.client:Dispatching event socket_raw_receive
DEBUG:discord.gateway:For Shard ID None: WebSocket Event: {'t': 'TYPING_START', 's': 11, 'op': 0, 'd': {'user_id': '426456090574848002', 'timestamp': 1656013855, 'member': {'user': {'username': 'Flamma', 'public_flags': 0, 'id': '426456090574848002', 'discriminator': '3939', 'bot': False, 'avatar': '3107722d30ea03e15e734d0e10e48bf1'}, 'roles': [], 'premium_since': None, 'pending': False, 'nick': None, 'mute': False, 'joined_at': '2022-06-14T14:39:42.352000+00:00', 'flags': 0, 'deaf': False, 'communication_disabled_until': None, 'avatar': None}, 'channel_id': '986278767473336373', 'guild_id': '986278767473336370'}}
DEBUG:discord.client:Dispatching event socket_response
DEBUG:discord.client:Dispatching event typing
DEBUG:discord.client:Dispatching event socket_raw_receive
DEBUG:discord.gateway:For Shard ID None: WebSocket Event: {'t': 'TYPING_START', 's': 12, 'op': 0, 'd': {'user_id': '426456090574848002', 'timestamp': 1656013871, 'member': {'user': {'username': 'Flamma', 'public_flags': 0, 'id': '426456090574848002', 'discriminator': '3939', 'bot': False, 'avatar': '3107722d30ea03e15e734d0e10e48bf1'}, 'roles': [], 'premium_since': None, 'pending': False, 'nick': None, 'mute': False, 'joined_at': '2022-06-14T14:39:42.352000+00:00', 'flags': 0, 'deaf': False, 'communication_disabled_until': None, 'avatar': None}, 'channel_id': '986278767473336373', 'guild_id': '986278767473336370'}}
DEBUG:discord.client:Dispatching event socket_response
DEBUG:discord.client:Dispatching event typing
DEBUG:discord.client:Dispatching event socket_raw_receive
DEBUG:discord.gateway:For Shard ID None: WebSocket Event: {'t': 'TYPING_START', 's': 13, 'op': 0, 'd': {'user_id': '426456090574848002', 'timestamp': 1656013879, 'member': {'user': {'username': 'Flamma', 'public_flags': 0, 'id': '426456090574848002', 'discriminator': '3939', 'bot': False, 'avatar': '3107722d30ea03e15e734d0e10e48bf1'}, 'roles': [], 'premium_since': None, 'pending': False, 'nick': None, 'mute': False, 'joined_at': '2022-06-14T14:39:42.352000+00:00', 'flags': 0, 'deaf': False, 'communication_disabled_until': None, 'avatar': None}, 'channel_id': '986278767473336373', 'guild_id': '986278767473336370'}}
DEBUG:discord.client:Dispatching event socket_response
DEBUG:discord.client:Dispatching event typing
DEBUG:discord.gateway:Keeping shard ID None websocket alive with sequence 13.
DEBUG:discord.client:Dispatching event socket_raw_receive
DEBUG:discord.gateway:For Shard ID None: WebSocket Event: {'t': None, 's': None, 'op': 11, 'd': None}
DEBUG:discord.client:Dispatching event socket_response
DEBUG:discord.client:Dispatching event socket_raw_receive
DEBUG:discord.gateway:For Shard ID None: WebSocket Event: {'t': 'MESSAGE_CREATE', 's': 14, 'op': 0, 'd': {'type': 0, 'tts': False, 'timestamp': '2022-06-23T19:51:23.450000+00:00', 'referenced_message': None, 'pinned': False, 'nonce': '989618690305556480', 'mentions': [], 'mention_roles': [], 'mention_everyone': False, 'member': {'roles': [], 'premium_since': None, 'pending': False, 'nick': None, 'mute': False, 'joined_at': '2022-06-14T14:39:42.352000+00:00', 'flags': 0, 'deaf': False, 'communication_disabled_until': None, 'avatar': None}, 'id': '989618696408424449', 'flags': 0, 'embeds': [], 'edited_timestamp': None, 'content': '!iplocation 8 4,7', 'components': [], 'channel_id': '986278767473336373', 'author': {'username': 'Flamma', 'public_flags': 0, 'id': '426456090574848002', 'discriminator': '3939', 'avatar_decoration': None, 'avatar': '3107722d30ea03e15e734d0e10e48bf1'}, 'attachments': [], 'guild_id': '986278767473336370'}}
DEBUG:discord.client:Dispatching event socket_response
DEBUG:discord.client:Dispatching event message
INFO:root:Traitement de la commande !iplocation
INFO:root:Traitement de la requete shodan
INFO:root:connexion a api shodan via apikey
DEBUG:urllib3.connectionpool:Starting new HTTPS connection (1): api.shodan.io:443
DEBUG:urllib3.connectionpool:https://api.shodan.io:443 "GET /shodan/host/8?key=ttIZacJo0FkHUDDzuLimF8ku48YAXHzP HTTP/1.1" 404 None
ERROR:root:Erreur sur la recherche via ip sur shodan
DEBUG:discord.http:POST https://discord.com/api/v7/channels/986278767473336373/messages with {} has returned 400
INFO:discord.client:Received signal to terminate bot and event loop.
INFO:discord.client:Cleaning up tasks.
INFO:discord.client:Cleaning up after 1 tasks.
INFO:discord.client:All tasks finished cancelling.
INFO:discord.client:Closing the event loop.
INFO:root:Lancement du BOT
DEBUG:asyncio:Using proactor: IocpProactor
WARNING:discord.client:PyNaCl is not installed, voice will NOT be supported
INFO:root:Parse sur le fichier de configuration JSON
DEBUG:discord.client:on_ready has successfully been registered as an event
DEBUG:discord.client:on_message has successfully been registered as an event
INFO:discord.client:logging in using static token
DEBUG:discord.http:GET https://discord.com/api/v7/users/@me with None has returned 200
DEBUG:discord.http:GET https://discord.com/api/v7/users/@me has received {'id': '988915244409688074', 'username': 'BoBOT', 'avatar': 'f6047ed12749496a7ddf04e3ef6cc5e2', 'avatar_decoration': None, 'discriminator': '7447', 'public_flags': 0, 'flags': 0, 'bot': True, 'banner': None, 'banner_color': None, 'accent_color': None, 'bio': '', 'pronouns': '', 'locale': 'en-US', 'mfa_enabled': False, 'email': None, 'verified': True}
DEBUG:discord.http:GET https://discord.com/api/v7/gateway with None has returned 200
DEBUG:discord.http:GET https://discord.com/api/v7/gateway has received {'url': 'wss://gateway.discord.gg'}
DEBUG:discord.gateway:Created websocket connected to wss://gateway.discord.gg?encoding=json&v=6&compress=zlib-stream
DEBUG:discord.client:Dispatching event socket_raw_receive
DEBUG:discord.gateway:For Shard ID None: WebSocket Event: {'t': None, 's': None, 'op': 10, 'd': {'heartbeat_interval': 41250, '_trace': ['["gateway-prd-main-85t7",{"micros":0.0}]']}}
DEBUG:discord.client:Dispatching event socket_response
DEBUG:discord.client:Dispatching event socket_raw_send
DEBUG:discord.client:Dispatching event socket_raw_send
INFO:discord.gateway:Shard ID None has sent the IDENTIFY payload.
DEBUG:discord.client:Dispatching event socket_raw_receive
DEBUG:discord.gateway:For Shard ID None: WebSocket Event: {'t': None, 's': None, 'op': 11, 'd': None}
DEBUG:discord.client:Dispatching event socket_response
DEBUG:discord.client:Dispatching event socket_raw_receive
DEBUG:discord.gateway:For Shard ID None: WebSocket Event: {'t': 'READY', 's': 1, 'op': 0, 'd': {'v': 6, 'user_settings': {}, 'user': {'verified': True, 'username': 'BoBOT', 'mfa_enabled': False, 'id': '988915244409688074', 'flags': 0, 'email': None, 'discriminator': '7447', 'bot': True, 'avatar': 'f6047ed12749496a7ddf04e3ef6cc5e2'}, 'session_type': 'normal', 'session_id': '0346cc221fe888ab9bbfe5baa60561e3', 'relationships': [], 'private_channels': [], 'presences': [], 'guilds': [{'unavailable': True, 'id': '986278767473336370'}], 'guild_join_requests': [], 'geo_ordered_rtc_regions': ['rotterdam', 'milan', 'madrid', 'stockholm', 'bucharest'], 'application': {'id': '988915244409688074', 'flags': 827392}, '_trace': ['["gateway-prd-main-85t7",{"micros":101465,"calls":["discord-sessions-green-prd-2-16",{"micros":98894,"calls":["start_session",{"micros":51436,"calls":["discord-api-b6c59f77b-nvzvs",{"micros":45002,"calls":["get_user",{"micros":11580},"add_authorized_ip",{"micros":1828},"get_guilds",{"micros":4802},"coros_wait",{"micros":2}]}]},"guilds_connect",{"micros":2,"calls":[]},"presence_connect",{"micros":27054,"calls":[]}]}]}]']}}
DEBUG:discord.client:Dispatching event socket_response
INFO:discord.gateway:Shard ID None has connected to Gateway: ["gateway-prd-main-85t7",{"micros":101465,"calls":["discord-sessions-green-prd-2-16",{"micros":98894,"calls":["start_session",{"micros":51436,"calls":["discord-api-b6c59f77b-nvzvs",{"micros":45002,"calls":["get_user",{"micros":11580},"add_authorized_ip",{"micros":1828},"get_guilds",{"micros":4802},"coros_wait",{"micros":2}]}]},"guilds_connect",{"micros":2,"calls":[]},"presence_connect",{"micros":27054,"calls":[]}]}]}] (Session ID: 0346cc221fe888ab9bbfe5baa60561e3).
DEBUG:discord.client:Dispatching event connect
DEBUG:discord.client:Dispatching event socket_raw_receive
DEBUG:discord.gateway:For Shard ID None: WebSocket Event: {'t': 'GUILD_CREATE', 's': 2, 'op': 0, 'd': {'system_channel_flags': 0, 'name': 'TP 4 - Bot Discord', 'max_video_channel_users': 25, 'joined_at': '2022-06-21T21:31:29.660000+00:00', 'nsfw': False, 'explicit_content_filter': 0, 'discovery_splash': None, 'owner_id': '426456090574848002', 'roles': [{'unicode_emoji': None, 'tags': {}, 'position': 0, 'permissions_new': '1071698660929', 'permissions': 104320577, 'name': '@everyone', 'mentionable': False, 'managed': False, 'id': '986278767473336370', 'icon': None, 'hoist': False, 'flags': 0, 'color': 0}, {'unicode_emoji': None, 'tags': {'bot_id': '988915244409688074'}, 'position': 1, 'permissions_new': '8', 'permissions': 8, 'name': 'BoBOT', 'mentionable': False, 'managed': True, 'id': '988919111901929566', 'icon': None, 'hoist': False, 'flags': 0, 'color': 0}], 'region': 'deprecated', 'member_count': 2, 'vanity_url_code': None, 'large': False, 'hub_type': None, 'afk_channel_id': None, 'banner': None, 'max_members': 500000, 'afk_timeout': 300, 'public_updates_channel_id': None, 'splash': None, 'voice_states': [], 'embedded_activities': [], 'icon': 'b5ee8db378269e5da8747174ac4878ef', 'threads': [], 'guild_hashes': {'version': 1, 'roles': {'omitted': False, 'hash': 'nBEfyXFJWTo'}, 'metadata': {'omitted': False, 'hash': 'uY1MgSfZ9PI'}, 'channels': {'omitted': False, 'hash': 'xMB6Zi7J3MI'}}, 'features': [], 'unavailable': False, 'mfa_level': 0, 'nsfw_level': 0, 'system_channel_id': '986278767473336373', 'preferred_locale': 'en-US', 'default_message_notifications': 0, 'channels': [{'type': 4, 'position': 0, 'permission_overwrites': [], 'name': 'Text Channels', 'id': '986278767473336371', 'flags': 0}, {'type': 4, 'position': 0, 'permission_overwrites': [], 'name': 'Voice Channels', 'id': '986278767473336372', 'flags': 0}, {'type': 0, 'topic': None, 'rate_limit_per_user': 0, 'position': 0, 'permission_overwrites': [], 'parent_id': '986278767473336371', 'name': 'general', 'last_message_id': '989618696408424449', 'id': '986278767473336373', 'flags': 0}, {'user_limit': 0, 'type': 2, 'rtc_region': None, 'rate_limit_per_user': 0, 'position': 0, 'permission_overwrites': [], 'parent_id': '986278767473336372', 'name': 'General', 'last_message_id': None, 'id': '986278767473336374', 'flags': 0, 'bitrate': 64000}], 'verification_level': 0, 'premium_subscription_count': 0, 'id': '986278767473336370', 'description': None, 'members': [{'user': {'username': 'BoBOT', 'public_flags': 0, 'id': '988915244409688074', 'discriminator': '7447', 'bot': True, 'avatar': 'f6047ed12749496a7ddf04e3ef6cc5e2'}, 'roles': ['988919111901929566'], 'premium_since': None, 'pending': False, 'nick': None, 'mute': False, 'joined_at': '2022-06-21T21:31:29.660000+00:00', 'flags': 0, 'deaf': False, 'communication_disabled_until': None, 'avatar': None}], 'stickers': [], 'application_command_counts': {}, 'emojis': [], 'stage_instances': [], 'guild_scheduled_events': [], 'premium_progress_bar_enabled': False, 'rules_channel_id': None, 'presences': [], 'lazy': True, 'premium_tier': 0, 'application_id': None}}
DEBUG:discord.client:Dispatching event socket_response
DEBUG:discord.client:Dispatching event guild_available
DEBUG:discord.client:Dispatching event ready
DEBUG:discord.http:POST https://discord.com/api/v7/channels/986278767473336373/messages with {"content":"BoBOT is connected ! Tape **!help** for more informations"} has returned 200
DEBUG:discord.http:POST https://discord.com/api/v7/channels/986278767473336373/messages has received {'id': '989948115299758141', 'type': 0, 'content': 'BoBOT is connected ! Tape **!help** for more informations', 'channel_id': '986278767473336373', 'author': {'id': '988915244409688074', 'username': 'BoBOT', 'avatar': 'f6047ed12749496a7ddf04e3ef6cc5e2', 'avatar_decoration': None, 'discriminator': '7447', 'public_flags': 0, 'bot': True}, 'attachments': [], 'embeds': [], 'mentions': [], 'mention_roles': [], 'pinned': False, 'mention_everyone': False, 'tts': False, 'timestamp': '2022-06-24T17:40:23.034000+00:00', 'edited_timestamp': None, 'flags': 0, 'components': [], 'referenced_message': None}
INFO:root:BOT is connected
DEBUG:discord.client:Dispatching event socket_raw_receive
DEBUG:discord.gateway:For Shard ID None: WebSocket Event: {'t': 'MESSAGE_CREATE', 's': 3, 'op': 0, 'd': {'type': 0, 'tts': False, 'timestamp': '2022-06-24T17:40:23.034000+00:00', 'referenced_message': None, 'pinned': False, 'mentions': [], 'mention_roles': [], 'mention_everyone': False, 'member': {'roles': ['988919111901929566'], 'premium_since': None, 'pending': False, 'nick': None, 'mute': False, 'joined_at': '2022-06-21T21:31:29.660000+00:00', 'flags': 0, 'deaf': False, 'communication_disabled_until': None, 'avatar': None}, 'id': '989948115299758141', 'flags': 0, 'embeds': [], 'edited_timestamp': None, 'content': 'BoBOT is connected ! Tape **!help** for more informations', 'components': [], 'channel_id': '986278767473336373', 'author': {'username': 'BoBOT', 'public_flags': 0, 'id': '988915244409688074', 'discriminator': '7447', 'bot': True, 'avatar_decoration': None, 'avatar': 'f6047ed12749496a7ddf04e3ef6cc5e2'}, 'attachments': [], 'guild_id': '986278767473336370'}}
DEBUG:discord.client:Dispatching event socket_response
DEBUG:discord.client:Dispatching event message
DEBUG:discord.client:Dispatching event socket_raw_receive
DEBUG:discord.gateway:For Shard ID None: WebSocket Event: {'t': 'MESSAGE_CREATE', 's': 4, 'op': 0, 'd': {'type': 0, 'tts': False, 'timestamp': '2022-06-24T17:40:38.167000+00:00', 'referenced_message': None, 'pinned': False, 'nonce': '989948172459573248', 'mentions': [], 'mention_roles': [], 'mention_everyone': False, 'member': {'roles': [], 'premium_since': None, 'pending': False, 'nick': None, 'mute': False, 'joined_at': '2022-06-14T14:39:42.352000+00:00', 'flags': 0, 'deaf': False, 'communication_disabled_until': None, 'avatar': None}, 'id': '989948178772160512', 'flags': 0, 'embeds': [], 'edited_timestamp': None, 'content': '!help', 'components': [], 'channel_id': '986278767473336373', 'author': {'username': 'Flamma', 'public_flags': 0, 'id': '426456090574848002', 'discriminator': '3939', 'avatar_decoration': None, 'avatar': '3107722d30ea03e15e734d0e10e48bf1'}, 'attachments': [], 'guild_id': '986278767473336370'}}
DEBUG:discord.client:Dispatching event socket_response
DEBUG:discord.client:Dispatching event message
INFO:root:Traitement de la commande !help
DEBUG:discord.client:Dispatching event socket_raw_receive
DEBUG:discord.gateway:For Shard ID None: WebSocket Event: {'t': 'MESSAGE_CREATE', 's': 5, 'op': 0, 'd': {'type': 0, 'tts': False, 'timestamp': '2022-06-24T17:40:38.358000+00:00', 'referenced_message': None, 'pinned': False, 'mentions': [], 'mention_roles': [], 'mention_everyone': False, 'member': {'roles': ['988919111901929566'], 'premium_since': None, 'pending': False, 'nick': None, 'mute': False, 'joined_at': '2022-06-21T21:31:29.660000+00:00', 'flags': 0, 'deaf': False, 'communication_disabled_until': None, 'avatar': None}, 'id': '989948179573272616', 'flags': 0, 'embeds': [], 'edited_timestamp': None, 'content': 'Bonjour je suis BoBOT, \n Voici mes fonctionnalitées : \n **!iplocation <ip> <hostname>** , pour localiser un adresse IP sur OpenStreetMap \n **!syracuse <int>** , pour calculer une suite de syracuse sur un entier \n **!multegypt <int> <int>** , pour calculer la multiplication egyptienne deux entiers', 'components': [], 'channel_id': '986278767473336373', 'author': {'username': 'BoBOT', 'public_flags': 0, 'id': '988915244409688074', 'discriminator': '7447', 'bot': True, 'avatar_decoration': None, 'avatar': 'f6047ed12749496a7ddf04e3ef6cc5e2'}, 'attachments': [], 'guild_id': '986278767473336370'}}
DEBUG:discord.client:Dispatching event socket_response
DEBUG:discord.client:Dispatching event message
DEBUG:discord.http:POST https://discord.com/api/v7/channels/986278767473336373/messages with {"content":"Bonjour je suis BoBOT, \n Voici mes fonctionnalit\u00e9es : \n **!iplocation <ip> <hostname>** , pour localiser un adresse IP sur OpenStreetMap \n **!syracuse <int>** , pour calculer une suite de syracuse sur un entier \n **!multegypt <int> <int>** , pour calculer la multiplication egyptienne deux entiers"} has returned 200
DEBUG:discord.http:POST https://discord.com/api/v7/channels/986278767473336373/messages has received {'id': '989948179573272616', 'type': 0, 'content': 'Bonjour je suis BoBOT, \n Voici mes fonctionnalitées : \n **!iplocation <ip> <hostname>** , pour localiser un adresse IP sur OpenStreetMap \n **!syracuse <int>** , pour calculer une suite de syracuse sur un entier \n **!multegypt <int> <int>** , pour calculer la multiplication egyptienne deux entiers', 'channel_id': '986278767473336373', 'author': {'id': '988915244409688074', 'username': 'BoBOT', 'avatar': 'f6047ed12749496a7ddf04e3ef6cc5e2', 'avatar_decoration': None, 'discriminator': '7447', 'public_flags': 0, 'bot': True}, 'attachments': [], 'embeds': [], 'mentions': [], 'mention_roles': [], 'pinned': False, 'mention_everyone': False, 'tts': False, 'timestamp': '2022-06-24T17:40:38.358000+00:00', 'edited_timestamp': None, 'flags': 0, 'components': [], 'referenced_message': None}
DEBUG:discord.gateway:Keeping shard ID None websocket alive with sequence 5.
DEBUG:discord.client:Dispatching event socket_raw_receive
DEBUG:discord.gateway:For Shard ID None: WebSocket Event: {'t': None, 's': None, 'op': 11, 'd': None}
DEBUG:discord.client:Dispatching event socket_response
DEBUG:discord.client:Dispatching event socket_raw_receive
DEBUG:discord.gateway:For Shard ID None: WebSocket Event: {'t': 'TYPING_START', 's': 6, 'op': 0, 'd': {'user_id': '426456090574848002', 'timestamp': 1656092491, 'member': {'user': {'username': 'Flamma', 'public_flags': 0, 'id': '426456090574848002', 'discriminator': '3939', 'bot': False, 'avatar': '3107722d30ea03e15e734d0e10e48bf1'}, 'roles': [], 'premium_since': None, 'pending': False, 'nick': None, 'mute': False, 'joined_at': '2022-06-14T14:39:42.352000+00:00', 'flags': 0, 'deaf': False, 'communication_disabled_until': None, 'avatar': None}, 'channel_id': '986278767473336373', 'guild_id': '986278767473336370'}}
DEBUG:discord.client:Dispatching event socket_response
DEBUG:discord.client:Dispatching event typing
DEBUG:discord.gateway:Keeping shard ID None websocket alive with sequence 6.
DEBUG:discord.client:Dispatching event socket_raw_receive
DEBUG:discord.gateway:For Shard ID None: WebSocket Event: {'t': None, 's': None, 'op': 11, 'd': None}
DEBUG:discord.client:Dispatching event socket_response
DEBUG:discord.gateway:Keeping shard ID None websocket alive with sequence 6.
DEBUG:discord.client:Dispatching event socket_raw_receive
DEBUG:discord.gateway:For Shard ID None: WebSocket Event: {'t': None, 's': None, 'op': 11, 'd': None}
DEBUG:discord.client:Dispatching event socket_response
DEBUG:discord.client:Dispatching event socket_raw_receive
DEBUG:discord.gateway:For Shard ID None: WebSocket Event: {'t': 'TYPING_START', 's': 7, 'op': 0, 'd': {'user_id': '426456090574848002', 'timestamp': 1656092576, 'member': {'user': {'username': 'Flamma', 'public_flags': 0, 'id': '426456090574848002', 'discriminator': '3939', 'bot': False, 'avatar': '3107722d30ea03e15e734d0e10e48bf1'}, 'roles': [], 'premium_since': None, 'pending': False, 'nick': None, 'mute': False, 'joined_at': '2022-06-14T14:39:42.352000+00:00', 'flags': 0, 'deaf': False, 'communication_disabled_until': None, 'avatar': None}, 'channel_id': '986278767473336373', 'guild_id': '986278767473336370'}}
DEBUG:discord.client:Dispatching event socket_response
DEBUG:discord.client:Dispatching event typing
DEBUG:discord.gateway:Keeping shard ID None websocket alive with sequence 7.
DEBUG:discord.client:Dispatching event socket_raw_receive
DEBUG:discord.gateway:For Shard ID None: WebSocket Event: {'t': None, 's': None, 'op': 11, 'd': None}
DEBUG:discord.client:Dispatching event socket_response
DEBUG:discord.client:Dispatching event socket_raw_receive
DEBUG:discord.gateway:For Shard ID None: WebSocket Event: {'t': 'TYPING_START', 's': 8, 'op': 0, 'd': {'user_id': '426456090574848002', 'timestamp': 1656092586, 'member': {'user': {'username': 'Flamma', 'public_flags': 0, 'id': '426456090574848002', 'discriminator': '3939', 'bot': False, 'avatar': '3107722d30ea03e15e734d0e10e48bf1'}, 'roles': [], 'premium_since': None, 'pending': False, 'nick': None, 'mute': False, 'joined_at': '2022-06-14T14:39:42.352000+00:00', 'flags': 0, 'deaf': False, 'communication_disabled_until': None, 'avatar': None}, 'channel_id': '986278767473336373', 'guild_id': '986278767473336370'}}
DEBUG:discord.client:Dispatching event socket_response
DEBUG:discord.client:Dispatching event typing
DEBUG:discord.client:Dispatching event socket_raw_receive
DEBUG:discord.gateway:For Shard ID None: WebSocket Event: {'t': 'TYPING_START', 's': 9, 'op': 0, 'd': {'user_id': '426456090574848002', 'timestamp': 1656092598, 'member': {'user': {'username': 'Flamma', 'public_flags': 0, 'id': '426456090574848002', 'discriminator': '3939', 'bot': False, 'avatar': '3107722d30ea03e15e734d0e10e48bf1'}, 'roles': [], 'premium_since': None, 'pending': False, 'nick': None, 'mute': False, 'joined_at': '2022-06-14T14:39:42.352000+00:00', 'flags': 0, 'deaf': False, 'communication_disabled_until': None, 'avatar': None}, 'channel_id': '986278767473336373', 'guild_id': '986278767473336370'}}
DEBUG:discord.client:Dispatching event socket_response
DEBUG:discord.client:Dispatching event typing
DEBUG:discord.client:Dispatching event socket_raw_receive
DEBUG:discord.gateway:For Shard ID None: WebSocket Event: {'t': 'TYPING_START', 's': 10, 'op': 0, 'd': {'user_id': '426456090574848002', 'timestamp': 1656092609, 'member': {'user': {'username': 'Flamma', 'public_flags': 0, 'id': '426456090574848002', 'discriminator': '3939', 'bot': False, 'avatar': '3107722d30ea03e15e734d0e10e48bf1'}, 'roles': [], 'premium_since': None, 'pending': False, 'nick': None, 'mute': False, 'joined_at': '2022-06-14T14:39:42.352000+00:00', 'flags': 0, 'deaf': False, 'communication_disabled_until': None, 'avatar': None}, 'channel_id': '986278767473336373', 'guild_id': '986278767473336370'}}
DEBUG:discord.client:Dispatching event socket_response
DEBUG:discord.client:Dispatching event typing
DEBUG:discord.client:Dispatching event socket_raw_receive
DEBUG:discord.gateway:For Shard ID None: WebSocket Event: {'t': 'TYPING_START', 's': 11, 'op': 0, 'd': {'user_id': '426456090574848002', 'timestamp': 1656092617, 'member': {'user': {'username': 'Flamma', 'public_flags': 0, 'id': '426456090574848002', 'discriminator': '3939', 'bot': False, 'avatar': '3107722d30ea03e15e734d0e10e48bf1'}, 'roles': [], 'premium_since': None, 'pending': False, 'nick': None, 'mute': False, 'joined_at': '2022-06-14T14:39:42.352000+00:00', 'flags': 0, 'deaf': False, 'communication_disabled_until': None, 'avatar': None}, 'channel_id': '986278767473336373', 'guild_id': '986278767473336370'}}
DEBUG:discord.client:Dispatching event socket_response
DEBUG:discord.client:Dispatching event typing
DEBUG:discord.client:Dispatching event socket_raw_receive
DEBUG:discord.gateway:For Shard ID None: WebSocket Event: {'t': 'MESSAGE_CREATE', 's': 12, 'op': 0, 'd': {'type': 0, 'tts': False, 'timestamp': '2022-06-24T17:43:41.535000+00:00', 'referenced_message': None, 'pinned': False, 'nonce': '989948941661372416', 'mentions': [], 'mention_roles': [], 'mention_everyone': False, 'member': {'roles': [], 'premium_since': None, 'pending': False, 'nick': None, 'mute': False, 'joined_at': '2022-06-14T14:39:42.352000+00:00', 'flags': 0, 'deaf': False, 'communication_disabled_until': None, 'avatar': None}, 'id': '989948947873288202', 'flags': 0, 'embeds': [], 'edited_timestamp': None, 'content': '!iplocation 82.65.17.81 127.0.0.1:8000', 'components': [], 'channel_id': '986278767473336373', 'author': {'username': 'Flamma', 'public_flags': 0, 'id': '426456090574848002', 'discriminator': '3939', 'avatar_decoration': None, 'avatar': '3107722d30ea03e15e734d0e10e48bf1'}, 'attachments': [], 'guild_id': '986278767473336370'}}
DEBUG:discord.client:Dispatching event socket_response
DEBUG:discord.client:Dispatching event message
INFO:root:Traitement de la commande !iplocation
INFO:root:Traitement de la requete shodan
INFO:root:connexion a api shodan via apikey
DEBUG:urllib3.connectionpool:Starting new HTTPS connection (1): api.shodan.io:443
DEBUG:urllib3.connectionpool:https://api.shodan.io:443 "GET /shodan/host/82.65.17.81?key=ttIZacJo0FkHUDDzuLimF8ku48YAXHzP HTTP/1.1" 200 None
INFO:root:recherche sur shodan avec ip
INFO:root:url de la carte etabli
DEBUG:discord.client:Dispatching event socket_raw_receive
DEBUG:discord.gateway:For Shard ID None: WebSocket Event: {'t': 'MESSAGE_CREATE', 's': 13, 'op': 0, 'd': {'type': 0, 'tts': False, 'timestamp': '2022-06-24T17:43:44.234000+00:00', 'referenced_message': None, 'pinned': False, 'mentions': [], 'mention_roles': [], 'mention_everyone': False, 'member': {'roles': ['988919111901929566'], 'premium_since': None, 'pending': False, 'nick': None, 'mute': False, 'joined_at': '2022-06-21T21:31:29.660000+00:00', 'flags': 0, 'deaf': False, 'communication_disabled_until': None, 'avatar': None}, 'id': '989948959193727078', 'flags': 0, 'embeds': [], 'edited_timestamp': None, 'content': 'https://www.openstreetmap.org/?mlat=48.5457&mlon=2.6536#map=12', 'components': [], 'channel_id': '986278767473336373', 'author': {'username': 'BoBOT', 'public_flags': 0, 'id': '988915244409688074', 'discriminator': '7447', 'bot': True, 'avatar_decoration': None, 'avatar': 'f6047ed12749496a7ddf04e3ef6cc5e2'}, 'attachments': [], 'guild_id': '986278767473336370'}}
DEBUG:discord.client:Dispatching event socket_response
DEBUG:discord.client:Dispatching event message
DEBUG:discord.http:POST https://discord.com/api/v7/channels/986278767473336373/messages with {"content":"https://www.openstreetmap.org/?mlat=48.5457&mlon=2.6536#map=12"} has returned 200
DEBUG:discord.http:POST https://discord.com/api/v7/channels/986278767473336373/messages has received {'id': '989948959193727078', 'type': 0, 'content': 'https://www.openstreetmap.org/?mlat=48.5457&mlon=2.6536#map=12', 'channel_id': '986278767473336373', 'author': {'id': '988915244409688074', 'username': 'BoBOT', 'avatar': 'f6047ed12749496a7ddf04e3ef6cc5e2', 'avatar_decoration': None, 'discriminator': '7447', 'public_flags': 0, 'bot': True}, 'attachments': [], 'embeds': [], 'mentions': [], 'mention_roles': [], 'pinned': False, 'mention_everyone': False, 'tts': False, 'timestamp': '2022-06-24T17:43:44.234000+00:00', 'edited_timestamp': None, 'flags': 0, 'components': [], 'referenced_message': None}
INFO:root:Traitement de la commande !iplocation terminé
DEBUG:discord.client:Dispatching event socket_raw_receive
DEBUG:discord.gateway:For Shard ID None: WebSocket Event: {'t': 'MESSAGE_UPDATE', 's': 14, 'op': 0, 'd': {'id': '989948959193727078', 'embeds': [{'url': 'https://www.openstreetmap.org/?mlat=48.5457&mlon=2.6536', 'type': 'link', 'title': 'OpenStreetMap', 'thumbnail': {'width': 256, 'url': 'https://www.openstreetmap.org/assets/osm_logo_256-ed028f90468224a272961c380ecee0cfb73b8048b34f4b4b204b7f0d1097875d.png', 'proxy_url': 'https://images-ext-1.discordapp.net/external/HS_LoZoMqAzGeQG0CnO64WB4Cn6-WhgRfz_6lkPDX7A/https/www.openstreetmap.org/assets/osm_logo_256-ed028f90468224a272961c380ecee0cfb73b8048b34f4b4b204b7f0d1097875d.png', 'height': 256}, 'provider': {'name': 'OpenStreetMap'}, 'description': 'OpenStreetMap is a map of the world, created by people like you and free to use under an open license.', 'color': 16777215}], 'channel_id': '986278767473336373', 'guild_id': '986278767473336370'}}
DEBUG:discord.client:Dispatching event socket_response
DEBUG:discord.client:Dispatching event raw_message_edit
DEBUG:discord.client:Dispatching event message_edit
DEBUG:discord.gateway:Keeping shard ID None websocket alive with sequence 14.
DEBUG:discord.client:Dispatching event socket_raw_receive
DEBUG:discord.gateway:For Shard ID None: WebSocket Event: {'t': None, 's': None, 'op': 11, 'd': None}
DEBUG:discord.client:Dispatching event socket_response
DEBUG:discord.gateway:Keeping shard ID None websocket alive with sequence 14.
DEBUG:discord.client:Dispatching event socket_raw_receive
DEBUG:discord.gateway:For Shard ID None: WebSocket Event: {'t': None, 's': None, 'op': 11, 'd': None}
DEBUG:discord.client:Dispatching event socket_response
DEBUG:discord.gateway:Keeping shard ID None websocket alive with sequence 14.
DEBUG:discord.client:Dispatching event socket_raw_receive
DEBUG:discord.gateway:For Shard ID None: WebSocket Event: {'t': None, 's': None, 'op': 11, 'd': None}
DEBUG:discord.client:Dispatching event socket_response
DEBUG:discord.gateway:Keeping shard ID None websocket alive with sequence 14.
DEBUG:discord.client:Dispatching event socket_raw_receive
DEBUG:discord.gateway:For Shard ID None: WebSocket Event: {'t': None, 's': None, 'op': 11, 'd': None}
DEBUG:discord.client:Dispatching event socket_response
DEBUG:discord.gateway:Keeping shard ID None websocket alive with sequence 14.
DEBUG:discord.client:Dispatching event socket_raw_receive
DEBUG:discord.gateway:For Shard ID None: WebSocket Event: {'t': None, 's': None, 'op': 11, 'd': None}
DEBUG:discord.client:Dispatching event socket_response
INFO:discord.client:Received signal to terminate bot and event loop.
INFO:discord.client:Cleaning up tasks.
INFO:discord.client:Cleaning up after 1 tasks.
INFO:discord.client:All tasks finished cancelling.
INFO:discord.client:Closing the event loop.
INFO:root:Lancement du BOT
